<?xml version="1.0" encoding="UTF-8"?>
<Site BuildName="Linux-g++"
	BuildStamp="20230531-2337-Experimental"
	Name="Justinas-Pc"
	Generator="ctest-3.25.1"
	CompilerName="/usr/bin/g++"
	CompilerVersion="12.2.0"
	OSName="Linux"
	Hostname="Justinas-Pc"
	OSRelease="6.1.0-9-amd64"
	OSVersion="#1 SMP PREEMPT_DYNAMIC Debian 6.1.27-1 (2023-05-08)"
	OSPlatform="x86_64"
	Is64Bits="1"
	VendorString="GenuineIntel"
	VendorID="Intel Corporation"
	FamilyID="6"
	ModelID="158"
	ProcessorCacheSize="6144"
	NumberOfLogicalCPU="4"
	NumberOfPhysicalCPU="4"
	TotalVirtualMemory="976"
	TotalPhysicalMemory="15926"
	LogicalProcessorsPerPhysical="1"
	ProcessorClockFrequency="3641.96"
	>
	<Testing>
		<StartDateTime>Jun 01 02:37 EEST</StartDateTime>
		<StartTestTime>1685576260</StartTestTime>
		<TestList/>
		<EndDateTime>Jun 01 02:37 EEST</EndDateTime>
		<EndTestTime>1685576260</EndTestTime>
		<ElapsedMinutes>0</ElapsedMinutes>
	</Testing>
</Site>
